<?xml version="1.0" encoding="UTF-8"?>
<!-- Generated by org.testng.reporters.JUnitReportReporter -->
<testsuite hostname="LAPTOP-CMLD7JFM" failures="0" tests="2" name="com.juaracoding.test.DragDropTest" time="35.864" errors="0" timestamp="2025-06-04T11:34:21 WIB" skipped="1">
  <testcase classname="com.juaracoding.test.DragDropTest" name="mingguO2Test" time="35.864"/>
  <testcase classname="com.juaracoding.test.DragDropTest" name="testStep01">
    <skipped/>
  </testcase> <!-- testStep01 -->
</testsuite> <!-- com.juaracoding.test.DragDropTest -->
